<?xml version="1.0" encoding="UTF-8"?>
<!-- Generated by org.testng.reporters.JUnitReportReporter -->
<testsuite skipped="0" hostname="REM-L-SINGHH" name="voicewatchAPI.voicewatch_Put_API" tests="1" failures="0" timestamp="13 Oct 2019 10:52:18 GMT" time="12.186" errors="0">
  <testcase name="validate_Tag_Feature" time="12.186" classname="voicewatchAPI.voicewatch_Put_API"/>
</testsuite> <!-- voicewatchAPI.voicewatch_Put_API -->
