<?xml version="1.0" encoding="UTF-8"?>
<!-- Generated by org.testng.reporters.JUnitReportReporter -->
<testsuite skipped="0" hostname="REM-L-SINGHH" name="voicewatchAPI.voicewatch_API" tests="3" failures="0" timestamp="08 Oct 2019 18:39:01 GMT" time="21.701" errors="0">
  <testcase name="vw_Get_Test_Result" time="8.189" classname="voicewatchAPI.voicewatch_API"/>
  <testcase name="vw_Get_vw_dashboard" time="7.192" classname="voicewatchAPI.voicewatch_API"/>
  <testcase name="vw_Get_vw_Variable" time="6.320" classname="voicewatchAPI.voicewatch_API"/>
</testsuite> <!-- voicewatchAPI.voicewatch_API -->
