<?xml version="1.0" encoding="UTF-8"?>
<!-- Generated by org.testng.reporters.JUnitReportReporter -->
<testsuite skipped="0" hostname="REM-L-SINGHH" name="basicapi.first_api" tests="1" failures="0" timestamp="06 Sep 2019 07:33:24 GMT" time="4.437" errors="0">
  <testcase name="getRestApi" time="4.437" classname="basicapi.first_api"/>
</testsuite> <!-- basicapi.first_api -->
