<?xml version="1.0" encoding="UTF-8"?>
<!-- Generated by org.testng.reporters.JUnitReportReporter -->
<testsuite skipped="0" hostname="REM-L-SINGHH" name="voicewatchAPI.voicewatch_Get_API" tests="17" failures="0" timestamp="12 Oct 2019 06:56:38 GMT" time="113.883" errors="0">
  <testcase name="vw_Get_Test_Result" time="8.465" classname="voicewatchAPI.voicewatch_Get_API"/>
  <testcase name="vw_Get_vw_dashboard" time="6.607" classname="voicewatchAPI.voicewatch_Get_API"/>
  <testcase name="VW_Variable" time="6.687" classname="voicewatchAPI.voicewatch_Get_API"/>
  <testcase name="VW_Tests" time="6.980" classname="voicewatchAPI.voicewatch_Get_API"/>
  <testcase name="VW_scripts" time="7.675" classname="voicewatchAPI.voicewatch_Get_API"/>
  <testcase name="script_summary" time="6.615" classname="voicewatchAPI.voicewatch_Get_API"/>
  <testcase name="VW_user_info" time="6.984" classname="voicewatchAPI.voicewatch_Get_API"/>
  <testcase name="clients" time="6.226" classname="voicewatchAPI.voicewatch_Get_API"/>
  <testcase name="parteners" time="6.070" classname="voicewatchAPI.voicewatch_Get_API"/>
  <testcase name="profiles" time="7.153" classname="voicewatchAPI.voicewatch_Get_API"/>
  <testcase name="clients_details" time="5.854" classname="voicewatchAPI.voicewatch_Get_API"/>
  <testcase name="hammer_details" time="6.017" classname="voicewatchAPI.voicewatch_Get_API"/>
  <testcase name="tags" time="6.973" classname="voicewatchAPI.voicewatch_Get_API"/>
  <testcase name="notification" time="5.924" classname="voicewatchAPI.voicewatch_Get_API"/>
  <testcase name="hammer_labels" time="7.366" classname="voicewatchAPI.voicewatch_Get_API"/>
  <testcase name="admin" time="5.938" classname="voicewatchAPI.voicewatch_Get_API"/>
  <testcase name="admin_dashboard" time="6.349" classname="voicewatchAPI.voicewatch_Get_API"/>
</testsuite> <!-- voicewatchAPI.voicewatch_Get_API -->
