<?xml version="1.0" encoding="UTF-8"?>
<!-- Generated by org.testng.reporters.JUnitReportReporter -->
<testsuite skipped="0" hostname="REM-L-SINGHH" name="basicapi.TC0006_Post_XML_API_Testing" tests="1" failures="0" timestamp="09 Sep 2019 15:38:58 GMT" time="2.092" errors="0">
  <testcase name="postRestApi_on_Google_search_Server" time="2.092" classname="basicapi.TC0006_Post_XML_API_Testing"/>
</testsuite> <!-- basicapi.TC0006_Post_XML_API_Testing -->
