<?xml version="1.0" encoding="UTF-8"?>
<!-- Generated by org.testng.reporters.JUnitReportReporter -->
<testsuite skipped="0" hostname="REM-L-SINGHH" name="voicewatchAPI.voicewatch_Post_delete_API" tests="1" failures="0" timestamp="12 Oct 2019 17:20:23 GMT" time="15.567" errors="0">
  <testcase name="vw_Add_Tag" time="15.567" classname="voicewatchAPI.voicewatch_Post_delete_API"/>
</testsuite> <!-- voicewatchAPI.voicewatch_Post_delete_API -->
