<?xml version="1.0" encoding="UTF-8"?>
<!-- Generated by org.testng.reporters.JUnitReportReporter -->
<testsuite skipped="0" hostname="REM-L-SINGHH" name="basicapi.TC0005_Post_Deletet_API_optimizing_Testing" tests="2" failures="0" timestamp="08 Oct 2019 14:18:26 GMT" time="7.319" errors="0">
  <testcase name="post_delete_RestApi_on_Google_search_Server" time="2.488" classname="basicapi.TC0005_Post_Deletet_API_optimizing_Testing"/>
  <testcase name="post_delete_RestApi_on_reqres_server" time="4.831" classname="basicapi.TC0005_Post_Deletet_API_optimizing_Testing"/>
</testsuite> <!-- basicapi.TC0005_Post_Deletet_API_optimizing_Testing -->
