<?xml version="1.0" encoding="UTF-8"?>
<!-- Generated by org.testng.reporters.JUnitReportReporter -->
<testsuite skipped="0" hostname="REM-L-SINGHH" name="basicapi.get_api" tests="1" failures="0" timestamp="06 Sep 2019 08:00:24 GMT" time="4.067" errors="0">
  <testcase name="getRestApi" time="4.067" classname="basicapi.get_api"/>
</testsuite> <!-- basicapi.get_api -->
