<?xml version="1.0" encoding="UTF-8"?>
<!-- Generated by org.testng.reporters.JUnitReportReporter -->
<testsuite skipped="0" hostname="REM-L-SINGHH" name="voicewatchAPI.voicewatch_Tag_END_API" tests="1" failures="0" timestamp="12 Oct 2019 19:17:34 GMT" time="47.328" errors="0">
  <testcase name="vw_Add_Tag" time="47.328" classname="voicewatchAPI.voicewatch_Tag_END_API"/>
</testsuite> <!-- voicewatchAPI.voicewatch_Tag_END_API -->
