<?xml version="1.0" encoding="UTF-8"?>
<!-- Generated by org.testng.reporters.JUnitReportReporter -->
<testsuite skipped="0" hostname="REM-L-SINGHH" name="voicewatchAPI.T0000_API_Debug" tests="1" failures="0" timestamp="13 Oct 2019 16:12:59 GMT" time="7.937" errors="0">
  <testcase name="email_Temp" time="7.937" classname="voicewatchAPI.T0000_API_Debug"/>
</testsuite> <!-- voicewatchAPI.T0000_API_Debug -->
