<?xml version="1.0" encoding="UTF-8"?>
<!-- Generated by org.testng.reporters.JUnitReportReporter -->
<testsuite skipped="0" hostname="REM-L-SINGHH" name="basicapi.TC0001_Post_API_Testing" tests="2" failures="0" timestamp="09 Sep 2019 11:55:11 GMT" time="2.731" errors="0">
  <testcase name="postRestApi_on_Google_search_Server" time="1.059" classname="basicapi.TC0001_Post_API_Testing"/>
  <testcase name="postRestApi_on_reqres_server" time="1.672" classname="basicapi.TC0001_Post_API_Testing"/>
</testsuite> <!-- basicapi.TC0001_Post_API_Testing -->
