<?xml version="1.0" encoding="UTF-8"?>
<!-- Generated by org.testng.reporters.JUnitReportReporter -->
<testsuite skipped="0" hostname="REM-L-SINGHH" name="basicapi.TC0005_Post_Deletet_API_optimizing_Testing2" tests="2" failures="0" timestamp="09 Sep 2019 11:35:55 GMT" time="7.906" errors="0">
  <testcase name="post_delete_RestApi_on_Google_search_Server" time="4.112" classname="basicapi.TC0005_Post_Deletet_API_optimizing_Testing2"/>
  <testcase name="post_delete_RestApi_on_reqres_server" time="3.794" classname="basicapi.TC0005_Post_Deletet_API_optimizing_Testing2"/>
</testsuite> <!-- basicapi.TC0005_Post_Deletet_API_optimizing_Testing2 -->
