<?xml version="1.0" encoding="UTF-8"?>
<!-- Generated by org.testng.reporters.JUnitReportReporter -->
<testsuite skipped="0" hostname="REM-L-SINGHH" name="voicewatchAPI.T0006_voicewatch_Clinets_ETE_API" tests="1" failures="0" timestamp="13 Oct 2019 14:10:18 GMT" time="17.118" errors="0">
  <testcase name="validate_Clients_Feature" time="17.118" classname="voicewatchAPI.T0006_voicewatch_Clinets_ETE_API"/>
</testsuite> <!-- voicewatchAPI.T0006_voicewatch_Clinets_ETE_API -->
