<?xml version="1.0" encoding="UTF-8"?>
<!-- Generated by org.testng.reporters.JUnitReportReporter -->
<testsuite skipped="0" hostname="REM-L-SINGHH" name="voicewatchAPI.voicewatch_API" tests="2" failures="0" timestamp="08 Oct 2019 13:55:19 GMT" time="16.758" errors="0">
  <testcase name="vw_Get_Test_Result" time="8.952" classname="voicewatchAPI.voicewatch_API"/>
  <testcase name="vw_Get_vw_dashboard" time="7.806" classname="voicewatchAPI.voicewatch_API"/>
</testsuite> <!-- voicewatchAPI.voicewatch_API -->
