<?xml version="1.0" encoding="UTF-8"?>
<!-- Generated by org.testng.reporters.JUnitReportReporter -->
<testsuite skipped="0" hostname="REM-L-SINGHH" name="voicewatchAPI.voicewatch_Post_API" tests="2" failures="0" timestamp="13 Oct 2019 12:00:31 GMT" time="20.392" errors="0">
  <testcase name="vw_Add_Tag" time="8.126" classname="voicewatchAPI.voicewatch_Post_API"/>
  <testcase name="vw_Add_Client" time="12.266" classname="voicewatchAPI.voicewatch_Post_API"/>
</testsuite> <!-- voicewatchAPI.voicewatch_Post_API -->
