<?xml version="1.0" encoding="UTF-8"?>
<!-- Generated by org.testng.reporters.JUnitReportReporter -->
<testsuite skipped="0" hostname="REM-L-SINGHH" name="voicewatchAPI.voicewatch_Get_API" tests="17" failures="0" timestamp="09 Oct 2019 13:11:49 GMT" time="95.293" errors="0">
  <testcase name="vw_Get_Test_Result" time="7.638" classname="voicewatchAPI.voicewatch_Get_API"/>
  <testcase name="vw_Get_vw_dashboard" time="5.177" classname="voicewatchAPI.voicewatch_Get_API"/>
  <testcase name="VW_Variable" time="5.822" classname="voicewatchAPI.voicewatch_Get_API"/>
  <testcase name="VW_Tests" time="5.657" classname="voicewatchAPI.voicewatch_Get_API"/>
  <testcase name="VW_scripts" time="5.937" classname="voicewatchAPI.voicewatch_Get_API"/>
  <testcase name="script_summary" time="4.933" classname="voicewatchAPI.voicewatch_Get_API"/>
  <testcase name="VW_user_info" time="5.110" classname="voicewatchAPI.voicewatch_Get_API"/>
  <testcase name="clients" time="5.987" classname="voicewatchAPI.voicewatch_Get_API"/>
  <testcase name="parteners" time="5.830" classname="voicewatchAPI.voicewatch_Get_API"/>
  <testcase name="profiles" time="6.649" classname="voicewatchAPI.voicewatch_Get_API"/>
  <testcase name="clients_details" time="5.230" classname="voicewatchAPI.voicewatch_Get_API"/>
  <testcase name="hammer_details" time="4.907" classname="voicewatchAPI.voicewatch_Get_API"/>
  <testcase name="tags" time="4.977" classname="voicewatchAPI.voicewatch_Get_API"/>
  <testcase name="notification" time="5.103" classname="voicewatchAPI.voicewatch_Get_API"/>
  <testcase name="hammer_labels" time="5.514" classname="voicewatchAPI.voicewatch_Get_API"/>
  <testcase name="admin" time="5.535" classname="voicewatchAPI.voicewatch_Get_API"/>
  <testcase name="admin_dashboard" time="5.287" classname="voicewatchAPI.voicewatch_Get_API"/>
</testsuite> <!-- voicewatchAPI.voicewatch_Get_API -->
