<?xml version="1.0" encoding="UTF-8"?>
<!-- Generated by org.testng.reporters.JUnitReportReporter -->
<testsuite skipped="0" hostname="REM-L-SINGHH" name="basicapi.voicewatchauth" tests="1" failures="0" timestamp="08 Oct 2019 13:32:00 GMT" time="8.259" errors="0">
  <testcase name="vwGet_Test_Result" time="8.259" classname="basicapi.voicewatchauth"/>
</testsuite> <!-- basicapi.voicewatchauth -->
