<?xml version="1.0" encoding="UTF-8"?>
<!-- Generated by org.testng.reporters.JUnitReportReporter -->
<testsuite skipped="0" hostname="REM-L-SINGHH" name="files.reuseable" tests="1" failures="0" timestamp="08 Oct 2019 12:40:47 GMT" time="4.483" errors="0">
  <testcase name="getTokenID" time="4.483" classname="files.reuseable"/>
</testsuite> <!-- files.reuseable -->
