<?xml version="1.0" encoding="UTF-8"?>
<!-- Generated by org.testng.reporters.JUnitReportReporter -->
<testsuite skipped="0" hostname="REM-L-SINGHH" name="voicewatchAPI.voicewatch_Get_API" tests="18" failures="0" timestamp="12 Oct 2019 08:57:56 GMT" time="117.861" errors="1">
  <testcase name="vw_Get_Test_Result" time="8.665" classname="voicewatchAPI.voicewatch_Get_API"/>
  <testcase name="vw_Get_vw_dashboard" time="6.987" classname="voicewatchAPI.voicewatch_Get_API"/>
  <testcase name="VW_Variable" time="6.694" classname="voicewatchAPI.voicewatch_Get_API"/>
  <testcase name="VW_Tests" time="6.364" classname="voicewatchAPI.voicewatch_Get_API"/>
  <testcase name="VW_Test_Execute" time="7.078" classname="voicewatchAPI.voicewatch_Get_API">
    <error type="io.restassured.path.json.exception.JsonPathException" message="Failed to parse the JSON document">
      <![CDATA[io.restassured.path.json.exception.JsonPathException: Failed to parse the JSON document
at io.restassured.path.json.JsonPath$ExceptionCatcher.invoke(JsonPath.java:1002)
at io.restassured.path.json.JsonPath$4.doParseWith(JsonPath.java:967)
at io.restassured.path.json.JsonPath$JsonParser.parseWith(JsonPath.java:1047)
at io.restassured.path.json.JsonPath.get(JsonPath.java:202)
at io.restassured.path.json.JsonPath.get(JsonPath.java:190)
at voicewatchAPI.voicewatch_Get_API.VW_Test_Execute(voicewatch_Get_API.java:117)
at sun.reflect.NativeMethodAccessorImpl.invoke0(Native Method)
at sun.reflect.NativeMethodAccessorImpl.invoke(Unknown Source)
at sun.reflect.DelegatingMethodAccessorImpl.invoke(Unknown Source)
at java.lang.reflect.Method.invoke(Unknown Source)
at org.testng.internal.MethodInvocationHelper.invokeMethod(MethodInvocationHelper.java:124)
at org.testng.internal.Invoker.invokeMethod(Invoker.java:583)
at org.testng.internal.Invoker.invokeTestMethod(Invoker.java:719)
at org.testng.internal.Invoker.invokeTestMethods(Invoker.java:989)
at org.testng.internal.TestMethodWorker.invokeTestMethods(TestMethodWorker.java:125)
at org.testng.internal.TestMethodWorker.run(TestMethodWorker.java:109)
at org.testng.TestRunner.privateRun(TestRunner.java:648)
at org.testng.TestRunner.run(TestRunner.java:505)
at org.testng.SuiteRunner.runTest(SuiteRunner.java:455)
at org.testng.SuiteRunner.runSequentially(SuiteRunner.java:450)
at org.testng.SuiteRunner.privateRun(SuiteRunner.java:415)
at org.testng.SuiteRunner.run(SuiteRunner.java:364)
at org.testng.SuiteRunnerWorker.runSuite(SuiteRunnerWorker.java:52)
at org.testng.SuiteRunnerWorker.run(SuiteRunnerWorker.java:84)
at org.testng.TestNG.runSuitesSequentially(TestNG.java:1208)
at org.testng.TestNG.runSuitesLocally(TestNG.java:1137)
at org.testng.TestNG.runSuites(TestNG.java:1049)
at org.testng.TestNG.run(TestNG.java:1017)
at org.testng.remote.AbstractRemoteTestNG.run(AbstractRemoteTestNG.java:114)
at org.testng.remote.RemoteTestNG.initAndRun(RemoteTestNG.java:251)
at org.testng.remote.RemoteTestNG.main(RemoteTestNG.java:77)
Caused by: groovy.json.JsonException: Lexing failed on line: 1, column: 1, while reading '<', no possible valid JSON value or punctuation could be recognized.
at groovy.json.JsonLexer.nextToken(JsonLexer.java:86)
at groovy.json.JsonLexer$nextToken.call(Unknown Source)
at io.restassured.internal.path.json.ConfigurableJsonSlurper.parse(ConfigurableJsonSlurper.groovy:97)
at io.restassured.internal.path.json.ConfigurableJsonSlurper$parse.callCurrent(Unknown Source)
at io.restassured.internal.path.json.ConfigurableJsonSlurper.parseText(ConfigurableJsonSlurper.groovy:83)
at io.restassured.path.json.JsonPath$4$1.method(JsonPath.java:965)
at io.restassured.path.json.JsonPath$ExceptionCatcher.invoke(JsonPath.java:1000)
... 30 more
]]>
    </error>
  </testcase> <!-- VW_Test_Execute -->
  <testcase name="VW_scripts" time="8.056" classname="voicewatchAPI.voicewatch_Get_API"/>
  <testcase name="script_summary" time="8.872" classname="voicewatchAPI.voicewatch_Get_API"/>
  <testcase name="VW_user_info" time="5.647" classname="voicewatchAPI.voicewatch_Get_API"/>
  <testcase name="clients" time="7.071" classname="voicewatchAPI.voicewatch_Get_API"/>
  <testcase name="parteners" time="5.727" classname="voicewatchAPI.voicewatch_Get_API"/>
  <testcase name="profiles" time="6.693" classname="voicewatchAPI.voicewatch_Get_API"/>
  <testcase name="clients_details" time="6.189" classname="voicewatchAPI.voicewatch_Get_API"/>
  <testcase name="hammer_details" time="6.293" classname="voicewatchAPI.voicewatch_Get_API"/>
  <testcase name="tags" time="5.554" classname="voicewatchAPI.voicewatch_Get_API"/>
  <testcase name="notification" time="6.057" classname="voicewatchAPI.voicewatch_Get_API"/>
  <testcase name="hammer_labels" time="5.121" classname="voicewatchAPI.voicewatch_Get_API"/>
  <testcase name="admin" time="5.340" classname="voicewatchAPI.voicewatch_Get_API"/>
  <testcase name="admin_dashboard" time="5.453" classname="voicewatchAPI.voicewatch_Get_API"/>
</testsuite> <!-- voicewatchAPI.voicewatch_Get_API -->
