<?xml version="1.0" encoding="UTF-8"?>
<!-- Generated by org.testng.reporters.JUnitReportReporter -->
<testsuite skipped="0" hostname="REM-L-SINGHH" name="voicewatchAPI.T0002_voicewatch_Clinets_ETE_API2" tests="1" failures="0" timestamp="13 Oct 2019 13:43:04 GMT" time="24.192" errors="0">
  <testcase name="validate_Clients_Feature" time="24.192" classname="voicewatchAPI.T0002_voicewatch_Clinets_ETE_API2"/>
</testsuite> <!-- voicewatchAPI.T0002_voicewatch_Clinets_ETE_API2 -->
