<?xml version="1.0" encoding="UTF-8"?>
<!-- Generated by org.testng.reporters.JUnitReportReporter -->
<testsuite skipped="0" hostname="REM-L-SINGHH" name="basicapi.post_api" tests="1" failures="0" timestamp="06 Sep 2019 12:07:05 GMT" time="4.141" errors="0">
  <testcase name="postRestApi" time="4.141" classname="basicapi.post_api"/>
</testsuite> <!-- basicapi.post_api -->
