<?xml version="1.0" encoding="UTF-8"?>
<!-- Generated by org.testng.reporters.JUnitReportReporter -->
<testsuite skipped="0" hostname="REM-L-SINGHH" name="basicapi.TC0004_Post_API_optimizing_Testing2" tests="2" failures="0" timestamp="09 Sep 2019 10:01:26 GMT" time="5.524" errors="0">
  <testcase name="postRestApi_on_Google_search_Server" time="3.200" classname="basicapi.TC0004_Post_API_optimizing_Testing2"/>
  <testcase name="postRestApi_on_reqres_server" time="2.324" classname="basicapi.TC0004_Post_API_optimizing_Testing2"/>
</testsuite> <!-- basicapi.TC0004_Post_API_optimizing_Testing2 -->
