<?xml version="1.0" encoding="UTF-8"?>
<!-- Generated by org.testng.reporters.JUnitReportReporter -->
<testsuite skipped="0" hostname="REM-L-SINGHH" name="voicewatchAPI.voicewatch_Tag_ETE_API" tests="1" failures="0" timestamp="13 Oct 2019 10:59:46 GMT" time="41.044" errors="0">
  <testcase name="validate_Tag_Feature" time="41.044" classname="voicewatchAPI.voicewatch_Tag_ETE_API"/>
</testsuite> <!-- voicewatchAPI.voicewatch_Tag_ETE_API -->
