<?xml version="1.0" encoding="UTF-8"?>
<!-- Generated by org.testng.reporters.JUnitReportReporter -->
<testsuite skipped="0" hostname="REM-L-SINGHH" name="basicapi.TC0003_Get_API_optimizing_Testing" tests="1" failures="0" timestamp="09 Sep 2019 11:55:11 GMT" time="1.546" errors="0">
  <testcase name="getRestApi" time="1.546" classname="basicapi.TC0003_Get_API_optimizing_Testing"/>
</testsuite> <!-- basicapi.TC0003_Get_API_optimizing_Testing -->
