<?xml version="1.0" encoding="UTF-8"?>
<!-- Generated by org.testng.reporters.JUnitReportReporter -->
<testsuite skipped="0" hostname="REM-L-SINGHH" name="basicapi.TC0003_Get_API_optimizing_Testing" tests="1" failures="0" timestamp="08 Oct 2019 14:18:26 GMT" time="1.975" errors="0">
  <testcase name="getRestApi" time="1.975" classname="basicapi.TC0003_Get_API_optimizing_Testing"/>
</testsuite> <!-- basicapi.TC0003_Get_API_optimizing_Testing -->
