<?xml version="1.0" encoding="UTF-8"?>
<!-- Generated by org.testng.reporters.JUnitReportReporter -->
<testsuite skipped="0" hostname="REM-L-SINGHH" name="voicewatchAPI.voicewatch_Post_API" tests="2" failures="0" timestamp="12 Oct 2019 17:05:25 GMT" time="22.369" errors="0">
  <testcase name="vw_Add_Tag" time="7.988" classname="voicewatchAPI.voicewatch_Post_API"/>
  <testcase name="vw_Add_Client" time="14.381" classname="voicewatchAPI.voicewatch_Post_API"/>
</testsuite> <!-- voicewatchAPI.voicewatch_Post_API -->
