<?xml version="1.0" encoding="UTF-8"?>
<!-- Generated by org.testng.reporters.JUnitReportReporter -->
<testsuite skipped="0" hostname="REM-L-SINGHH" name="voicewatchAPI.voicewatch_API" tests="3" failures="0" timestamp="08 Oct 2019 14:37:40 GMT" time="51.140" errors="0">
  <testcase name="vw_Get_Test_Result" time="11.447" classname="voicewatchAPI.voicewatch_API"/>
  <testcase name="vw_Get_vw_dashboard" time="21.758" classname="voicewatchAPI.voicewatch_API"/>
  <testcase name="vw_Get_vw_Variable" time="17.935" classname="voicewatchAPI.voicewatch_API"/>
</testsuite> <!-- voicewatchAPI.voicewatch_API -->
