<?xml version="1.0" encoding="UTF-8"?>
<!-- Generated by org.testng.reporters.JUnitReportReporter -->
<testsuite skipped="0" hostname="REM-L-SINGHH" name="basicapi.TC0002_Post_Deletet_API_Testing" tests="2" failures="0" timestamp="08 Sep 2019 19:58:13 GMT" time="4.102" errors="0">
  <testcase name="post_delete_RestApi_on_Google_search_Server" time="0.607" classname="basicapi.TC0002_Post_Deletet_API_Testing"/>
  <testcase name="post_delete_RestApi_on_reqres_server" time="3.495" classname="basicapi.TC0002_Post_Deletet_API_Testing"/>
</testsuite> <!-- basicapi.TC0002_Post_Deletet_API_Testing -->
