<?xml version="1.0" encoding="UTF-8"?>
<!-- Generated by org.testng.reporters.JUnitReportReporter -->
<testsuite skipped="0" hostname="REM-L-SINGHH" name="basicapi.TC0002_Post_Deletet_API_Testing" tests="2" failures="0" timestamp="08 Oct 2019 17:45:52 GMT" time="8.179" errors="0">
  <testcase name="post_delete_RestApi_on_Google_search_Server" time="2.884" classname="basicapi.TC0002_Post_Deletet_API_Testing"/>
  <testcase name="post_delete_RestApi_on_reqres_server" time="5.295" classname="basicapi.TC0002_Post_Deletet_API_Testing"/>
</testsuite> <!-- basicapi.TC0002_Post_Deletet_API_Testing -->
