<?xml version="1.0" encoding="UTF-8"?>
<!-- Generated by org.testng.reporters.JUnitReportReporter -->
<testsuite skipped="0" hostname="REM-L-SINGHH" name="basicapi.TC0000_Get_API_Testing" tests="1" failures="0" timestamp="09 Sep 2019 15:43:25 GMT" time="3.244" errors="0">
  <testcase name="getRestApi" time="3.244" classname="basicapi.TC0000_Get_API_Testing"/>
</testsuite> <!-- basicapi.TC0000_Get_API_Testing -->
